This file contains any messages produced by compilers while
running configure, to aid debugging if configure makes a mistake.

It was created by Togl configure 2.1, which was
generated by GNU Autoconf 2.65.  Invocation command line was

  $ ./configure 

## --------- ##
## Platform. ##
## --------- ##

hostname = marc.local
uname -m = i386
uname -r = 10.8.0
uname -s = Darwin
uname -v = Darwin Kernel Version 10.8.0: Tue Jun  7 16:33:36 PDT 2011; root:xnu-1504.15.3~1/RELEASE_I386

/usr/bin/uname -p = i386
/bin/uname -X     = unknown

/bin/arch              = unknown
/usr/bin/arch -k       = unknown
/usr/convex/getsysinfo = unknown
/usr/bin/hostinfo      = Mach kernel version:
	 Darwin Kernel Version 10.8.0: Tue Jun  7 16:33:36 PDT 2011; root:xnu-1504.15.3~1/RELEASE_I386
Kernel configured for up to 2 processors.
2 processors are physically available.
2 processors are logically available.
Processor type: i486 (Intel 80486)
Processors active: 0 1
Primary memory available: 4.00 gigabytes
Default processor set: 62 tasks, 266 threads, 2 processors
Load average: 0.52, Mach factor: 1.70
/bin/machine           = unknown
/usr/bin/oslevel       = unknown
/bin/universe          = unknown

PATH: /Library/Frameworks/Python.framework/Versions/2.7/bin
PATH: /Library/Frameworks/Python.framework/Versions/3.2/bin
PATH: /Library/Frameworks/Python.framework/Versions/2.6/bin
PATH: /Users/culler/bin
PATH: /usr/bin
PATH: /bin
PATH: /usr/sbin
PATH: /sbin
PATH: /usr/local/bin
PATH: /usr/X11/bin
PATH: /usr/local/texlive/2008/bin/universal-darwin
PATH: /opt/local/bin
PATH: /opt/local/sbin


## ----------- ##
## Core tests. ##
## ----------- ##

configure:2194: checking for correct TEA configuration
configure:2207: result: ok (TEA 3.7)
configure:2333: checking for Tcl configuration
configure:2445: result: found /Library/Frameworks/Tcl.framework/tclConfig.sh
configure:2451: checking for existence of /Library/Frameworks/Tcl.framework/tclConfig.sh
configure:2455: result: loading
configure:2546: checking for Tk configuration
configure:2658: result: found /Library/Frameworks/Tk.framework/tkConfig.sh
configure:2664: checking for existence of /Library/Frameworks/Tk.framework/tkConfig.sh
configure:2668: result: loading
configure:2762: --prefix defaulting to TCL_PREFIX /Library/Tcl
configure:2774: --exec-prefix defaulting to TCL_EXEC_PREFIX /Library/Tcl
configure:2806: checking for a BSD-compatible install
configure:2874: result: /usr/bin/install -c
configure:2943: checking for gcc
configure:2959: found /usr/bin/gcc
configure:2970: result: gcc
configure:3199: checking for C compiler version
configure:3208: gcc --version >&5
i686-apple-darwin10-gcc-4.2.1 (GCC) 4.2.1 (Apple Inc. build 5666) (dot 3)
Copyright (C) 2007 Free Software Foundation, Inc.
This is free software; see the source for copying conditions.  There is NO
warranty; not even for MERCHANTABILITY or FITNESS FOR A PARTICULAR PURPOSE.

configure:3219: $? = 0
configure:3208: gcc -v >&5
Using built-in specs.
Target: i686-apple-darwin10
Configured with: /var/tmp/gcc/gcc-5666.3~6/src/configure --disable-checking --enable-werror --prefix=/usr --mandir=/share/man --enable-languages=c,objc,c++,obj-c++ --program-transform-name=/^[cg][^.-]*$/s/$/-4.2/ --with-slibdir=/usr/lib --build=i686-apple-darwin10 --program-prefix=i686-apple-darwin10- --host=x86_64-apple-darwin10 --target=i686-apple-darwin10 --with-gxx-include-dir=/include/c++/4.2.1
Thread model: posix
gcc version 4.2.1 (Apple Inc. build 5666) (dot 3)
configure:3219: $? = 0
configure:3208: gcc -V >&5
gcc-4.2: argument to `-V' is missing
configure:3219: $? = 1
configure:3208: gcc -qversion >&5
i686-apple-darwin10-gcc-4.2.1: no input files
configure:3219: $? = 1
configure:3239: checking whether the C compiler works
configure:3261: gcc    conftest.c  >&5
configure:3265: $? = 0
configure:3314: result: yes
configure:3317: checking for C compiler default output file name
configure:3319: result: a.out
configure:3325: checking for suffix of executables
configure:3332: gcc -o conftest    conftest.c  >&5
configure:3336: $? = 0
configure:3358: result: 
configure:3380: checking whether we are cross compiling
configure:3388: gcc -o conftest    conftest.c  >&5
configure:3392: $? = 0
configure:3399: ./conftest
configure:3403: $? = 0
configure:3418: result: no
configure:3423: checking for suffix of object files
configure:3445: gcc -c   conftest.c >&5
configure:3449: $? = 0
configure:3470: result: o
configure:3474: checking whether we are using the GNU C compiler
configure:3493: gcc -c   conftest.c >&5
configure:3493: $? = 0
configure:3502: result: yes
configure:3511: checking whether gcc accepts -g
configure:3531: gcc -c -g  conftest.c >&5
configure:3531: $? = 0
configure:3572: result: yes
configure:3589: checking for gcc option to accept ISO C89
configure:3653: gcc  -c   conftest.c >&5
configure:3653: $? = 0
configure:3666: result: none needed
configure:3691: checking how to run the C preprocessor
configure:3722: gcc -E  conftest.c
configure:3722: $? = 0
configure:3736: gcc -E  conftest.c
conftest.c:10:28: error: ac_nonexistent.h: No such file or directory
configure:3736: $? = 1
configure: failed program was:
| /* confdefs.h */
| #define PACKAGE_NAME "Togl"
| #define PACKAGE_TARNAME "togl"
| #define PACKAGE_VERSION "2.1"
| #define PACKAGE_STRING "Togl 2.1"
| #define PACKAGE_BUGREPORT ""
| #define PACKAGE_URL ""
| #define MAC_OSX_TK 1
| /* end confdefs.h.  */
| #include <ac_nonexistent.h>
configure:3761: result: gcc -E
configure:3781: gcc -E  conftest.c
configure:3781: $? = 0
configure:3795: gcc -E  conftest.c
conftest.c:10:28: error: ac_nonexistent.h: No such file or directory
configure:3795: $? = 1
configure: failed program was:
| /* confdefs.h */
| #define PACKAGE_NAME "Togl"
| #define PACKAGE_TARNAME "togl"
| #define PACKAGE_VERSION "2.1"
| #define PACKAGE_STRING "Togl 2.1"
| #define PACKAGE_BUGREPORT ""
| #define PACKAGE_URL ""
| #define MAC_OSX_TK 1
| /* end confdefs.h.  */
| #include <ac_nonexistent.h>
configure:3830: checking whether make sets $(MAKE)
configure:3852: result: yes
configure:3909: checking for ranlib
configure:3925: found /usr/bin/ranlib
configure:3936: result: ranlib
configure:3968: checking for grep that handles long lines and -e
configure:4026: result: /usr/bin/grep
configure:4031: checking for egrep
configure:4093: result: /usr/bin/grep -E
configure:4098: checking for ANSI C header files
configure:4118: gcc -c   conftest.c >&5
configure:4118: $? = 0
configure:4191: gcc -o conftest    conftest.c  >&5
configure:4191: $? = 0
configure:4191: ./conftest
configure:4191: $? = 0
configure:4202: result: yes
configure:4215: checking for sys/types.h
configure:4215: gcc -c   conftest.c >&5
configure:4215: $? = 0
configure:4215: result: yes
configure:4215: checking for sys/stat.h
configure:4215: gcc -c   conftest.c >&5
configure:4215: $? = 0
configure:4215: result: yes
configure:4215: checking for stdlib.h
configure:4215: gcc -c   conftest.c >&5
configure:4215: $? = 0
configure:4215: result: yes
configure:4215: checking for string.h
configure:4215: gcc -c   conftest.c >&5
configure:4215: $? = 0
configure:4215: result: yes
configure:4215: checking for memory.h
configure:4215: gcc -c   conftest.c >&5
configure:4215: $? = 0
configure:4215: result: yes
configure:4215: checking for strings.h
configure:4215: gcc -c   conftest.c >&5
configure:4215: $? = 0
configure:4215: result: yes
configure:4215: checking for inttypes.h
configure:4215: gcc -c   conftest.c >&5
configure:4215: $? = 0
configure:4215: result: yes
configure:4215: checking for stdint.h
configure:4215: gcc -c   conftest.c >&5
configure:4215: $? = 0
configure:4215: result: yes
configure:4215: checking for unistd.h
configure:4215: gcc -c   conftest.c >&5
configure:4215: $? = 0
configure:4215: result: yes
configure:4238: checking if the compiler understands -pipe
configure:4256: gcc -c  -pipe  conftest.c >&5
configure:4256: $? = 0
configure:4264: result: yes
configure:4275: checking whether byte ordering is bigendian
configure:4290: gcc -c  -pipe  conftest.c >&5
configure:4290: $? = 0
configure:4335: gcc -c  -pipe  conftest.c >&5
configure:4335: $? = 0
configure:4353: gcc -c  -pipe  conftest.c >&5
conftest.c: In function 'main':
conftest.c:27: error: 'not' undeclared (first use in this function)
conftest.c:27: error: (Each undeclared identifier is reported only once
conftest.c:27: error: for each function it appears in.)
conftest.c:27: error: expected ';' before 'big'
configure:4353: $? = 1
configure: failed program was:
| /* confdefs.h */
| #define PACKAGE_NAME "Togl"
| #define PACKAGE_TARNAME "togl"
| #define PACKAGE_VERSION "2.1"
| #define PACKAGE_STRING "Togl 2.1"
| #define PACKAGE_BUGREPORT ""
| #define PACKAGE_URL ""
| #define MAC_OSX_TK 1
| #define STDC_HEADERS 1
| #define HAVE_SYS_TYPES_H 1
| #define HAVE_SYS_STAT_H 1
| #define HAVE_STDLIB_H 1
| #define HAVE_STRING_H 1
| #define HAVE_MEMORY_H 1
| #define HAVE_STRINGS_H 1
| #define HAVE_INTTYPES_H 1
| #define HAVE_STDINT_H 1
| #define HAVE_UNISTD_H 1
| /* end confdefs.h.  */
| #include <sys/types.h>
| 		#include <sys/param.h>
| 
| int
| main ()
| {
| #if BYTE_ORDER != BIG_ENDIAN
| 		 not big endian
| 		#endif
| 
|   ;
|   return 0;
| }
configure:4481: result: no
configure:4508: checking for sin
configure:4508: gcc -o conftest  -pipe   conftest.c  >&5
conftest.c:43: warning: conflicting types for built-in function 'sin'
configure:4508: $? = 0
configure:4508: result: yes
configure:4515: checking for main in -lieee
configure:4534: gcc -o conftest  -pipe   conftest.c -lieee   >&5
ld: library not found for -lieee
collect2: ld returned 1 exit status
configure:4534: $? = 1
configure: failed program was:
| /* confdefs.h */
| #define PACKAGE_NAME "Togl"
| #define PACKAGE_TARNAME "togl"
| #define PACKAGE_VERSION "2.1"
| #define PACKAGE_STRING "Togl 2.1"
| #define PACKAGE_BUGREPORT ""
| #define PACKAGE_URL ""
| #define MAC_OSX_TK 1
| #define STDC_HEADERS 1
| #define HAVE_SYS_TYPES_H 1
| #define HAVE_SYS_STAT_H 1
| #define HAVE_STDLIB_H 1
| #define HAVE_STRING_H 1
| #define HAVE_MEMORY_H 1
| #define HAVE_STRINGS_H 1
| #define HAVE_INTTYPES_H 1
| #define HAVE_STDINT_H 1
| #define HAVE_UNISTD_H 1
| /* end confdefs.h.  */
| 
| 
| int
| main ()
| {
| return main ();
|   ;
|   return 0;
| }
configure:4543: result: no
configure:4555: checking for main in -linet
configure:4574: gcc -o conftest  -pipe   conftest.c -linet   >&5
ld: library not found for -linet
collect2: ld returned 1 exit status
configure:4574: $? = 1
configure: failed program was:
| /* confdefs.h */
| #define PACKAGE_NAME "Togl"
| #define PACKAGE_TARNAME "togl"
| #define PACKAGE_VERSION "2.1"
| #define PACKAGE_STRING "Togl 2.1"
| #define PACKAGE_BUGREPORT ""
| #define PACKAGE_URL ""
| #define MAC_OSX_TK 1
| #define STDC_HEADERS 1
| #define HAVE_SYS_TYPES_H 1
| #define HAVE_SYS_STAT_H 1
| #define HAVE_STDLIB_H 1
| #define HAVE_STRING_H 1
| #define HAVE_MEMORY_H 1
| #define HAVE_STRINGS_H 1
| #define HAVE_INTTYPES_H 1
| #define HAVE_STDINT_H 1
| #define HAVE_UNISTD_H 1
| /* end confdefs.h.  */
| 
| 
| int
| main ()
| {
| return main ();
|   ;
|   return 0;
| }
configure:4583: result: no
configure:4589: checking net/errno.h usability
configure:4589: gcc -c  -pipe  conftest.c >&5
conftest.c:53:23: error: net/errno.h: No such file or directory
configure:4589: $? = 1
configure: failed program was:
| /* confdefs.h */
| #define PACKAGE_NAME "Togl"
| #define PACKAGE_TARNAME "togl"
| #define PACKAGE_VERSION "2.1"
| #define PACKAGE_STRING "Togl 2.1"
| #define PACKAGE_BUGREPORT ""
| #define PACKAGE_URL ""
| #define MAC_OSX_TK 1
| #define STDC_HEADERS 1
| #define HAVE_SYS_TYPES_H 1
| #define HAVE_SYS_STAT_H 1
| #define HAVE_STDLIB_H 1
| #define HAVE_STRING_H 1
| #define HAVE_MEMORY_H 1
| #define HAVE_STRINGS_H 1
| #define HAVE_INTTYPES_H 1
| #define HAVE_STDINT_H 1
| #define HAVE_UNISTD_H 1
| /* end confdefs.h.  */
| #include <stdio.h>
| #ifdef HAVE_SYS_TYPES_H
| # include <sys/types.h>
| #endif
| #ifdef HAVE_SYS_STAT_H
| # include <sys/stat.h>
| #endif
| #ifdef STDC_HEADERS
| # include <stdlib.h>
| # include <stddef.h>
| #else
| # ifdef HAVE_STDLIB_H
| #  include <stdlib.h>
| # endif
| #endif
| #ifdef HAVE_STRING_H
| # if !defined STDC_HEADERS && defined HAVE_MEMORY_H
| #  include <memory.h>
| # endif
| # include <string.h>
| #endif
| #ifdef HAVE_STRINGS_H
| # include <strings.h>
| #endif
| #ifdef HAVE_INTTYPES_H
| # include <inttypes.h>
| #endif
| #ifdef HAVE_STDINT_H
| # include <stdint.h>
| #endif
| #ifdef HAVE_UNISTD_H
| # include <unistd.h>
| #endif
| #include <net/errno.h>
configure:4589: result: no
configure:4589: checking net/errno.h presence
configure:4589: gcc -E  conftest.c
conftest.c:20:23: error: net/errno.h: No such file or directory
configure:4589: $? = 1
configure: failed program was:
| /* confdefs.h */
| #define PACKAGE_NAME "Togl"
| #define PACKAGE_TARNAME "togl"
| #define PACKAGE_VERSION "2.1"
| #define PACKAGE_STRING "Togl 2.1"
| #define PACKAGE_BUGREPORT ""
| #define PACKAGE_URL ""
| #define MAC_OSX_TK 1
| #define STDC_HEADERS 1
| #define HAVE_SYS_TYPES_H 1
| #define HAVE_SYS_STAT_H 1
| #define HAVE_STDLIB_H 1
| #define HAVE_STRING_H 1
| #define HAVE_MEMORY_H 1
| #define HAVE_STRINGS_H 1
| #define HAVE_INTTYPES_H 1
| #define HAVE_STDINT_H 1
| #define HAVE_UNISTD_H 1
| /* end confdefs.h.  */
| #include <net/errno.h>
configure:4589: result: no
configure:4589: checking for net/errno.h
configure:4589: result: no
configure:4618: checking for connect
configure:4618: gcc -o conftest  -pipe   conftest.c  >&5
configure:4618: $? = 0
configure:4618: result: yes
configure:4686: checking for gethostbyname
configure:4686: gcc -o conftest  -pipe   conftest.c  >&5
configure:4686: $? = 0
configure:4686: result: yes
configure:4741: checking dirent.h
configure:4777: gcc -o conftest  -pipe   conftest.c  >&5
configure:4777: $? = 0
configure:4785: result: yes
configure:4795: checking errno.h usability
configure:4795: gcc -c  -pipe  conftest.c >&5
configure:4795: $? = 0
configure:4795: result: yes
configure:4795: checking errno.h presence
configure:4795: gcc -E  conftest.c
configure:4795: $? = 0
configure:4795: result: yes
configure:4795: checking for errno.h
configure:4795: result: yes
configure:4805: checking float.h usability
configure:4805: gcc -c  -pipe  conftest.c >&5
configure:4805: $? = 0
configure:4805: result: yes
configure:4805: checking float.h presence
configure:4805: gcc -E  conftest.c
configure:4805: $? = 0
configure:4805: result: yes
configure:4805: checking for float.h
configure:4805: result: yes
configure:4815: checking values.h usability
configure:4815: gcc -c  -pipe  conftest.c >&5
conftest.c:53:20: error: values.h: No such file or directory
configure:4815: $? = 1
configure: failed program was:
| /* confdefs.h */
| #define PACKAGE_NAME "Togl"
| #define PACKAGE_TARNAME "togl"
| #define PACKAGE_VERSION "2.1"
| #define PACKAGE_STRING "Togl 2.1"
| #define PACKAGE_BUGREPORT ""
| #define PACKAGE_URL ""
| #define MAC_OSX_TK 1
| #define STDC_HEADERS 1
| #define HAVE_SYS_TYPES_H 1
| #define HAVE_SYS_STAT_H 1
| #define HAVE_STDLIB_H 1
| #define HAVE_STRING_H 1
| #define HAVE_MEMORY_H 1
| #define HAVE_STRINGS_H 1
| #define HAVE_INTTYPES_H 1
| #define HAVE_STDINT_H 1
| #define HAVE_UNISTD_H 1
| /* end confdefs.h.  */
| #include <stdio.h>
| #ifdef HAVE_SYS_TYPES_H
| # include <sys/types.h>
| #endif
| #ifdef HAVE_SYS_STAT_H
| # include <sys/stat.h>
| #endif
| #ifdef STDC_HEADERS
| # include <stdlib.h>
| # include <stddef.h>
| #else
| # ifdef HAVE_STDLIB_H
| #  include <stdlib.h>
| # endif
| #endif
| #ifdef HAVE_STRING_H
| # if !defined STDC_HEADERS && defined HAVE_MEMORY_H
| #  include <memory.h>
| # endif
| # include <string.h>
| #endif
| #ifdef HAVE_STRINGS_H
| # include <strings.h>
| #endif
| #ifdef HAVE_INTTYPES_H
| # include <inttypes.h>
| #endif
| #ifdef HAVE_STDINT_H
| # include <stdint.h>
| #endif
| #ifdef HAVE_UNISTD_H
| # include <unistd.h>
| #endif
| #include <values.h>
configure:4815: result: no
configure:4815: checking values.h presence
configure:4815: gcc -E  conftest.c
conftest.c:20:20: error: values.h: No such file or directory
configure:4815: $? = 1
configure: failed program was:
| /* confdefs.h */
| #define PACKAGE_NAME "Togl"
| #define PACKAGE_TARNAME "togl"
| #define PACKAGE_VERSION "2.1"
| #define PACKAGE_STRING "Togl 2.1"
| #define PACKAGE_BUGREPORT ""
| #define PACKAGE_URL ""
| #define MAC_OSX_TK 1
| #define STDC_HEADERS 1
| #define HAVE_SYS_TYPES_H 1
| #define HAVE_SYS_STAT_H 1
| #define HAVE_STDLIB_H 1
| #define HAVE_STRING_H 1
| #define HAVE_MEMORY_H 1
| #define HAVE_STRINGS_H 1
| #define HAVE_INTTYPES_H 1
| #define HAVE_STDINT_H 1
| #define HAVE_UNISTD_H 1
| /* end confdefs.h.  */
| #include <values.h>
configure:4815: result: no
configure:4815: checking for values.h
configure:4815: result: no
configure:4825: checking limits.h usability
configure:4825: gcc -c  -pipe  conftest.c >&5
configure:4825: $? = 0
configure:4825: result: yes
configure:4825: checking limits.h presence
configure:4825: gcc -E  conftest.c
configure:4825: $? = 0
configure:4825: result: yes
configure:4825: checking for limits.h
configure:4825: result: yes
configure:4837: checking for stdlib.h
configure:4837: result: yes
configure:4889: checking for string.h
configure:4889: result: yes
configure:4933: checking sys/wait.h usability
configure:4933: gcc -c  -pipe  conftest.c >&5
configure:4933: $? = 0
configure:4933: result: yes
configure:4933: checking sys/wait.h presence
configure:4933: gcc -E  conftest.c
configure:4933: $? = 0
configure:4933: result: yes
configure:4933: checking for sys/wait.h
configure:4933: result: yes
configure:4943: checking dlfcn.h usability
configure:4943: gcc -c  -pipe  conftest.c >&5
configure:4943: $? = 0
configure:4943: result: yes
configure:4943: checking dlfcn.h presence
configure:4943: gcc -E  conftest.c
configure:4943: $? = 0
configure:4943: result: yes
configure:4943: checking for dlfcn.h
configure:4943: result: yes
configure:4957: checking sys/param.h usability
configure:4957: gcc -c  -pipe  conftest.c >&5
configure:4957: $? = 0
configure:4957: result: yes
configure:4957: checking sys/param.h presence
configure:4957: gcc -E  conftest.c
configure:4957: $? = 0
configure:4957: result: yes
configure:4957: checking for sys/param.h
configure:4957: result: yes
configure:4986: checking whether to link with stubs library
configure:5004: result: stubs
configure:5164: checking for Tcl public headers
configure:5234: result: /Library/Frameworks/Tcl.framework/Headers
configure:5249: checking for Tcl private include files
configure:5301: result: Using -I"/Library/Frameworks/Tcl.framework/Headers" -I"/Library/Frameworks/Tcl.framework/PrivateHeaders" -I"/Users/andreask/dbn/lba/GlobalBuildArena/builds/macosx10.6-ix86/tcl/generic" -I"/Users/andreask/dbn/lba/GlobalBuildArena/builds/macosx10.6-ix86/tcl/unix"
configure:5307: checking for Tk public headers
configure:5376: result: /Library/Frameworks/Tk.framework/Headers
configure:5390: checking for X11 header files
configure:5397: result: /Library/Frameworks/Tk.framework/Headers
configure:5404: checking for Tk private include files
configure:5468: result: Using -I"/Library/Frameworks/Tk.framework/Headers" -I"/Library/Frameworks/Tk.framework/PrivateHeaders" -I"/Users/andreask/dbn/lba/GlobalBuildArena/builds/macosx10.6-ix86/tk/generic" -I"/Users/andreask/dbn/lba/GlobalBuildArena/builds/macosx10.6-ix86/tk/unix" -I"/Users/andreask/dbn/lba/GlobalBuildArena/builds/macosx10.6-ix86/tk/xlib" -I"/Users/andreask/dbn/lba/GlobalBuildArena/builds/macosx10.6-ix86/tk/macosx"
configure:5814: checking for autostereo directory
configure:5849: checking for autostereod
configure:5883: result: no
configure:6142: checking for pthread_mutex_init in -lpthread
configure:6167: gcc -o conftest -ObjC   conftest.c -lpthread   >&5
configure:6167: $? = 0
configure:6176: result: yes
configure:6385: checking for building with threads
configure:6391: result: yes (default)
configure:6432: checking how to build libraries
configure:6450: result: shared
configure:6475: checking if 64bit support is requested
configure:6484: result: no
configure:6489: checking if 64bit Sparc VIS support is requested
configure:6498: result: no
configure:6508: checking if compiler supports visibility "hidden"
configure:6528: gcc -o conftest -ObjC -Werror   conftest.c  >&5
configure:6528: $? = 0
configure:6537: result: yes
configure:6549: checking if rpath support is requested
configure:6558: result: yes
configure:6583: checking system version
configure:6614: result: Darwin-10.8.0
configure:6622: checking for dlopen in -ldl
configure:6647: gcc -o conftest -ObjC   conftest.c -ldl   >&5
configure:6647: $? = 0
configure:6656: result: yes
configure:6701: checking for ar
configure:6717: found /usr/bin/ar
configure:6728: result: ar
configure:7874: checking if ld accepts -single_module flag
configure:7893: gcc -o conftest -ObjC     -dynamiclib -Wl,-single_module conftest.c  >&5
configure:7893: $? = 0
configure:7902: result: yes
configure:7923: checking if ld accepts -search_paths_first flag
configure:7942: gcc -o conftest -ObjC     -headerpad_max_install_names -Wl,-search_paths_first conftest.c  >&5
configure:7942: $? = 0
configure:7951: result: yes
configure:8493: checking for required early compiler flags
configure:8511: gcc -c -ObjC    conftest.c >&5
configure:8511: $? = 0
configure:8558: gcc -c -ObjC    conftest.c >&5
configure:8558: $? = 0
configure:8605: gcc -c -ObjC    conftest.c >&5
conftest.c: In function 'main':
conftest.c:32: error: 'open64' undeclared (first use in this function)
conftest.c:32: error: (Each undeclared identifier is reported only once
conftest.c:32: error: for each function it appears in.)
configure:8605: $? = 1
configure: failed program was:
| /* confdefs.h */
| #define PACKAGE_NAME "Togl"
| #define PACKAGE_TARNAME "togl"
| #define PACKAGE_VERSION "2.1"
| #define PACKAGE_STRING "Togl 2.1"
| #define PACKAGE_BUGREPORT ""
| #define PACKAGE_URL ""
| #define MAC_OSX_TK 1
| #define STDC_HEADERS 1
| #define HAVE_SYS_TYPES_H 1
| #define HAVE_SYS_STAT_H 1
| #define HAVE_STDLIB_H 1
| #define HAVE_STRING_H 1
| #define HAVE_MEMORY_H 1
| #define HAVE_STRINGS_H 1
| #define HAVE_INTTYPES_H 1
| #define HAVE_STDINT_H 1
| #define HAVE_UNISTD_H 1
| #define NO_VALUES_H 1
| #define HAVE_LIMITS_H 1
| #define HAVE_SYS_PARAM_H 1
| #define USE_THREAD_ALLOC 1
| #define _REENTRANT 1
| #define _THREAD_SAFE 1
| #define TCL_THREADS 1
| #define MODULE_SCOPE extern __attribute__((__visibility__("hidden")))
| /* end confdefs.h.  */
| #include <sys/stat.h>
| int
| main ()
| {
| char *p = (char *)open64;
|   ;
|   return 0;
| }
configure:8620: gcc -c -ObjC    conftest.c >&5
conftest.c: In function 'main':
conftest.c:33: error: 'open64' undeclared (first use in this function)
conftest.c:33: error: (Each undeclared identifier is reported only once
conftest.c:33: error: for each function it appears in.)
configure:8620: $? = 1
configure: failed program was:
| /* confdefs.h */
| #define PACKAGE_NAME "Togl"
| #define PACKAGE_TARNAME "togl"
| #define PACKAGE_VERSION "2.1"
| #define PACKAGE_STRING "Togl 2.1"
| #define PACKAGE_BUGREPORT ""
| #define PACKAGE_URL ""
| #define MAC_OSX_TK 1
| #define STDC_HEADERS 1
| #define HAVE_SYS_TYPES_H 1
| #define HAVE_SYS_STAT_H 1
| #define HAVE_STDLIB_H 1
| #define HAVE_STRING_H 1
| #define HAVE_MEMORY_H 1
| #define HAVE_STRINGS_H 1
| #define HAVE_INTTYPES_H 1
| #define HAVE_STDINT_H 1
| #define HAVE_UNISTD_H 1
| #define NO_VALUES_H 1
| #define HAVE_LIMITS_H 1
| #define HAVE_SYS_PARAM_H 1
| #define USE_THREAD_ALLOC 1
| #define _REENTRANT 1
| #define _THREAD_SAFE 1
| #define TCL_THREADS 1
| #define MODULE_SCOPE extern __attribute__((__visibility__("hidden")))
| /* end confdefs.h.  */
| #define _LARGEFILE_SOURCE64 1
| #include <sys/stat.h>
| int
| main ()
| {
| char *p = (char *)open64;
|   ;
|   return 0;
| }
configure:8638: result: none
configure:8646: checking for 64-bit integer type
configure:8665: gcc -c -ObjC    conftest.c >&5
conftest.c: In function 'main':
conftest.c:32: error: '__int64' undeclared (first use in this function)
conftest.c:32: error: (Each undeclared identifier is reported only once
conftest.c:32: error: for each function it appears in.)
conftest.c:32: error: expected ';' before 'value'
configure:8665: $? = 1
configure: failed program was:
| /* confdefs.h */
| #define PACKAGE_NAME "Togl"
| #define PACKAGE_TARNAME "togl"
| #define PACKAGE_VERSION "2.1"
| #define PACKAGE_STRING "Togl 2.1"
| #define PACKAGE_BUGREPORT ""
| #define PACKAGE_URL ""
| #define MAC_OSX_TK 1
| #define STDC_HEADERS 1
| #define HAVE_SYS_TYPES_H 1
| #define HAVE_SYS_STAT_H 1
| #define HAVE_STDLIB_H 1
| #define HAVE_STRING_H 1
| #define HAVE_MEMORY_H 1
| #define HAVE_STRINGS_H 1
| #define HAVE_INTTYPES_H 1
| #define HAVE_STDINT_H 1
| #define HAVE_UNISTD_H 1
| #define NO_VALUES_H 1
| #define HAVE_LIMITS_H 1
| #define HAVE_SYS_PARAM_H 1
| #define USE_THREAD_ALLOC 1
| #define _REENTRANT 1
| #define _THREAD_SAFE 1
| #define TCL_THREADS 1
| #define MODULE_SCOPE extern __attribute__((__visibility__("hidden")))
| /* end confdefs.h.  */
| 
| int
| main ()
| {
| __int64 value = (__int64) 0;
|   ;
|   return 0;
| }
configure:8687: gcc -c -ObjC    conftest.c >&5
conftest.c: In function 'main':
conftest.c:33: error: duplicate case value
conftest.c:33: error: previously used here
configure:8687: $? = 1
configure: failed program was:
| /* confdefs.h */
| #define PACKAGE_NAME "Togl"
| #define PACKAGE_TARNAME "togl"
| #define PACKAGE_VERSION "2.1"
| #define PACKAGE_STRING "Togl 2.1"
| #define PACKAGE_BUGREPORT ""
| #define PACKAGE_URL ""
| #define MAC_OSX_TK 1
| #define STDC_HEADERS 1
| #define HAVE_SYS_TYPES_H 1
| #define HAVE_SYS_STAT_H 1
| #define HAVE_STDLIB_H 1
| #define HAVE_STRING_H 1
| #define HAVE_MEMORY_H 1
| #define HAVE_STRINGS_H 1
| #define HAVE_INTTYPES_H 1
| #define HAVE_STDINT_H 1
| #define HAVE_UNISTD_H 1
| #define NO_VALUES_H 1
| #define HAVE_LIMITS_H 1
| #define HAVE_SYS_PARAM_H 1
| #define USE_THREAD_ALLOC 1
| #define _REENTRANT 1
| #define _THREAD_SAFE 1
| #define TCL_THREADS 1
| #define MODULE_SCOPE extern __attribute__((__visibility__("hidden")))
| /* end confdefs.h.  */
| 
| int
| main ()
| {
| switch (0) {
|             case 1: case (sizeof(long long)==sizeof(long)): ;
|         }
|   ;
|   return 0;
| }
configure:8697: result: using long
configure:8844: checking for build with symbols
configure:8857: result: no
configure:9000: checking for tclsh
configure:9027: result: tclsh8.6
configure:9181: creating ./config.status

## ---------------------- ##
## Running config.status. ##
## ---------------------- ##

This file was extended by Togl config.status 2.1, which was
generated by GNU Autoconf 2.65.  Invocation command line was

  CONFIG_FILES    = 
  CONFIG_HEADERS  = 
  CONFIG_LINKS    = 
  CONFIG_COMMANDS = 
  $ ./config.status 

on marc.local

config.status:824: creating Makefile
config.status:824: creating pkgIndex.tcl
config.status:824: creating togl_ws.h

## ---------------- ##
## Cache variables. ##
## ---------------- ##

ac_cv_c_bigendian=no
ac_cv_c_compiler_gnu=yes
ac_cv_c_tclconfig=/Library/Frameworks/Tcl.framework
ac_cv_c_tclh=/Library/Frameworks/Tcl.framework/Headers
ac_cv_c_tkconfig=/Library/Frameworks/Tk.framework
ac_cv_c_tkh=/Library/Frameworks/Tk.framework/Headers
ac_cv_env_AUTOSTEREOD_set=
ac_cv_env_AUTOSTEREOD_value=
ac_cv_env_CC_set=
ac_cv_env_CC_value=
ac_cv_env_CFLAGS_set=
ac_cv_env_CFLAGS_value=
ac_cv_env_CPPFLAGS_set=
ac_cv_env_CPPFLAGS_value=
ac_cv_env_CPP_set=
ac_cv_env_CPP_value=
ac_cv_env_LDFLAGS_set=
ac_cv_env_LDFLAGS_value=
ac_cv_env_LIBS_set=
ac_cv_env_LIBS_value=
ac_cv_env_XMKMF_set=
ac_cv_env_XMKMF_value=
ac_cv_env_build_alias_set=
ac_cv_env_build_alias_value=
ac_cv_env_host_alias_set=
ac_cv_env_host_alias_value=
ac_cv_env_target_alias_set=
ac_cv_env_target_alias_value=
ac_cv_func_connect=yes
ac_cv_func_gethostbyname=yes
ac_cv_func_sin=yes
ac_cv_header_dlfcn_h=yes
ac_cv_header_errno_h=yes
ac_cv_header_float_h=yes
ac_cv_header_inttypes_h=yes
ac_cv_header_limits_h=yes
ac_cv_header_memory_h=yes
ac_cv_header_net_errno_h=no
ac_cv_header_stdc=yes
ac_cv_header_stdint_h=yes
ac_cv_header_stdlib_h=yes
ac_cv_header_string_h=yes
ac_cv_header_strings_h=yes
ac_cv_header_sys_param_h=yes
ac_cv_header_sys_stat_h=yes
ac_cv_header_sys_types_h=yes
ac_cv_header_sys_wait_h=yes
ac_cv_header_unistd_h=yes
ac_cv_header_values_h=no
ac_cv_lib_dl_dlopen=yes
ac_cv_lib_ieee_main=no
ac_cv_lib_inet_main=no
ac_cv_lib_pthread_pthread_mutex_init=yes
ac_cv_objext=o
ac_cv_path_EGREP='/usr/bin/grep -E'
ac_cv_path_GREP=/usr/bin/grep
ac_cv_path_install='/usr/bin/install -c'
ac_cv_prog_AR=ar
ac_cv_prog_CPP='gcc -E'
ac_cv_prog_ac_ct_CC=gcc
ac_cv_prog_ac_ct_RANLIB=ranlib
ac_cv_prog_cc_c89=
ac_cv_prog_cc_g=yes
ac_cv_prog_make_make_set=yes
tcl_cv_cc_pipe=yes
tcl_cv_cc_visibility_hidden=yes
tcl_cv_dirent_h=yes
tcl_cv_flag__isoc99_source=no
tcl_cv_flag__largefile64_source=no
tcl_cv_flag__largefile_source64=no
tcl_cv_ld_search_paths_first=yes
tcl_cv_ld_single_module=yes
tcl_cv_sys_version=Darwin-10.8.0
tcl_cv_type_64bit=none

## ----------------- ##
## Output variables. ##
## ----------------- ##

AR='ar'
AUTOSTEREOD=''
CC='gcc'
CELIB_DIR=''
CFLAGS='-ObjC  ${CFLAGS_DEFAULT} ${CFLAGS_WARNING} ${SHLIB_CFLAGS}  '
CFLAGS_DEBUG='-g'
CFLAGS_DEFAULT='-Os'
CFLAGS_OPTIMIZE='-Os'
CFLAGS_WARNING='-Wall -Wno-implicit-int'
CLEANFILES='so_locations'
CPP='gcc -E'
CPPFLAGS=''
CYGPATH='echo'
DEFS='-DPACKAGE_NAME=\"Togl\" -DPACKAGE_TARNAME=\"togl\" -DPACKAGE_VERSION=\"2.1\" -DPACKAGE_STRING=\"Togl\ 2.1\" -DPACKAGE_BUGREPORT=\"\" -DPACKAGE_URL=\"\" -DMAC_OSX_TK=1 -DSTDC_HEADERS=1 -DHAVE_SYS_TYPES_H=1 -DHAVE_SYS_STAT_H=1 -DHAVE_STDLIB_H=1 -DHAVE_STRING_H=1 -DHAVE_MEMORY_H=1 -DHAVE_STRINGS_H=1 -DHAVE_INTTYPES_H=1 -DHAVE_STDINT_H=1 -DHAVE_UNISTD_H=1 -DNO_VALUES_H=1 -DHAVE_LIMITS_H=1 -DHAVE_SYS_PARAM_H=1 -DUSE_THREAD_ALLOC=1 -D_REENTRANT=1 -D_THREAD_SAFE=1 -DTCL_THREADS=1 -DMODULE_SCOPE=extern\ __attribute__\(\(__visibility__\(\"hidden\"\)\)\) -DTCL_WIDE_INT_IS_LONG=1 -DUSE_TCL_STUBS=1 -DUSE_TK_STUBS=1'
DL_LIBS=''
ECHO_C='\c'
ECHO_N=''
ECHO_T=''
EGREP='/usr/bin/grep -E'
EXEEXT=''
GREP='/usr/bin/grep'
INSTALL_DATA='${INSTALL} -m 644'
INSTALL_PROGRAM='${INSTALL}'
INSTALL_SCRIPT='${INSTALL}'
LDFLAGS=' -headerpad_max_install_names -Wl,-search_paths_first '
LDFLAGS_DEFAULT=' -headerpad_max_install_names -Wl,-search_paths_first '
LD_LIBRARY_PATH_VAR='DYLD_LIBRARY_PATH'
LIBGLU=''
LIBOBJS=''
LIBS=''
LTLIBOBJS=''
MAKE_LIB='${SHLIB_LD} -o $@ $(PKG_OBJECTS) ${SHLIB_LD_LIBS} '
MAKE_SHARED_LIB='${SHLIB_LD} -o $@ $(PKG_OBJECTS) ${SHLIB_LD_LIBS}'
MAKE_STATIC_LIB='${STLIB_LD} $@ $(PKG_OBJECTS)'
MAKE_STUB_LIB='${STLIB_LD} $@ $(PKG_STUB_OBJECTS)'
MATH_LIBS=''
OBJEXT='o'
PACKAGE_BUGREPORT=''
PACKAGE_NAME='Togl'
PACKAGE_STRING='Togl 2.1'
PACKAGE_TARNAME='togl'
PACKAGE_URL=''
PACKAGE_VERSION='2.1'
PATH_SEPARATOR=':'
PKG_CFLAGS=' '
PKG_HEADERS=' togl.h toglDecls.h'
PKG_INCLUDES=''
PKG_LIBS=' -framework OpenGL -framework AppKit -framework ApplicationServices'
PKG_LIB_FILE='libTogl2.1.dylib'
PKG_OBJECTS=' togl.o toglProcAddr.o toglStubInit.o'
PKG_SOURCES=' togl.c toglProcAddr.c toglStubInit.c'
PKG_STUB_LIB_FILE='libToglstub2.1.a'
PKG_STUB_OBJECTS=' toglStubLib.o'
PKG_STUB_SOURCES=' toglStubLib.c'
PKG_TCL_SOURCES=''
RANLIB=':'
RANLIB_STUB='ranlib'
SET_MAKE=''
SHARED_BUILD='1'
SHELL='/bin/sh'
SHLIB_CFLAGS='-fno-common'
SHLIB_LD='${CC} -dynamiclib ${CFLAGS} ${LDFLAGS_DEFAULT} -Wl,-single_module -current_version 2.1 -compatibility_version 2.1'
SHLIB_LD_LIBS='${LIBS} -L/Library/Frameworks/Tcl.framework -ltclstub8.6 -L/Library/Frameworks/Tk.framework -ltkstub8.6'
SHLIB_SUFFIX='.dylib'
STLIB_LD='${AR} cr'
TCLSH_PROG='tclsh8.6'
TCL_BIN_DIR='/Library/Frameworks/Tcl.framework'
TCL_DBGX=''
TCL_DEFS='-DPACKAGE_NAME=\"tcl\" -DPACKAGE_TARNAME=\"tcl\" -DPACKAGE_VERSION=\"8.6\" -DPACKAGE_STRING=\"tcl\ 8.6\" -DPACKAGE_BUGREPORT=\"\" -DSTDC_HEADERS=1 -DHAVE_SYS_TYPES_H=1 -DHAVE_SYS_STAT_H=1 -DHAVE_STDLIB_H=1 -DHAVE_STRING_H=1 -DHAVE_MEMORY_H=1 -DHAVE_STRINGS_H=1 -DHAVE_INTTYPES_H=1 -DHAVE_STDINT_H=1 -DHAVE_UNISTD_H=1 -DNO_VALUES_H=1 -DHAVE_LIMITS_H=1 -DHAVE_SYS_PARAM_H=1 -DUSE_THREAD_ALLOC=1 -D_REENTRANT=1 -D_THREAD_SAFE=1 -DHAVE_PTHREAD_ATTR_SETSTACKSIZE=1 -DTCL_THREADS=1 -DTCL_CFGVAL_ENCODING=\"iso8859-1\" -DHAVE_ZLIB=1 -DMODULE_SCOPE=extern -DMAC_OSX_TCL=1 -DHAVE_COREFOUNDATION=1 -DTCL_SHLIB_EXT=\".dylib\" -DTCL_CFG_OPTIMIZED=1 -DTCL_CFG_DEBUG=1 -DTCL_TOMMATH=1 -DMP_PREC=4 -DTCL_WIDE_INT_IS_LONG=1 -DHAVE_GETCWD=1 -DHAVE_MKSTEMP=1 -DHAVE_OPENDIR=1 -DHAVE_STRTOL=1 -DHAVE_WAITPID=1 -DHAVE_GETNAMEINFO=1 -DHAVE_GETADDRINFO=1 -DHAVE_FREEADDRINFO=1 -DHAVE_GAI_STRERROR=1 -DHAVE_STRUCT_ADDRINFO=1 -DHAVE_STRUCT_IN6_ADDR=1 -DHAVE_STRUCT_SOCKADDR_IN6=1 -DHAVE_STRUCT_SOCKADDR_STORAGE=1 -DHAVE_GETPWUID_R_5=1 -DHAVE_GETPWUID_R=1 -DHAVE_GETPWNAM_R_5=1 -DHAVE_GETPWNAM_R=1 -DHAVE_GETGRGID_R_5=1 -DHAVE_GETGRGID_R=1 -DHAVE_GETGRNAM_R_5=1 -DHAVE_GETGRNAM_R=1 -DHAVE_MTSAFE_GETHOSTBYNAME=1 -DHAVE_MTSAFE_GETHOSTBYADDR=1 -DUSE_TERMIOS=1 -DHAVE_SYS_TIME_H=1 -DTIME_WITH_SYS_TIME=1 -DHAVE_GMTIME_R=1 -DHAVE_LOCALTIME_R=1 -DHAVE_MKTIME=1 -DHAVE_TM_GMTOFF=1 -DHAVE_TIMEZONE_VAR=1 -DHAVE_STRUCT_STAT_ST_BLOCKS=1 -DHAVE_STRUCT_STAT_ST_BLKSIZE=1 -DHAVE_BLKCNT_T=1 -DHAVE_INTPTR_T=1 -DHAVE_UINTPTR_T=1 -DHAVE_SIGNED_CHAR=1 -DHAVE_LANGINFO=1 -DHAVE_CHFLAGS=1 -DHAVE_MKSTEMPS=1 -DHAVE_GETATTRLIST=1 -DHAVE_COPYFILE_H=1 -DHAVE_COPYFILE=1 -DHAVE_LIBKERN_OSATOMIC_H=1 -DHAVE_OSSPINLOCKLOCK=1 -DHAVE_PTHREAD_ATFORK=1 -DUSE_VFORK=1 -DTCL_DEFAULT_ENCODING=\"utf-8\" -DTCL_LOAD_FROM_MEMORY=1 -DTCL_WIDE_CLICKS=1 -DHAVE_AVAILABILITYMACROS_H=1 -DHAVE_WEAK_IMPORT=1 -D_DARWIN_C_SOURCE=1 -DHAVE_FTS=1 -DHAVE_SYS_IOCTL_H=1 -DHAVE_SYS_FILIO_H=1 -DTCL_UNLOAD_DLLS=1 -DTCL_FRAMEWORK=1 '
TCL_EXTRA_CFLAGS='-DALLOW_EMPTY_EXPAND -arch x86_64 -arch i386 -pipe -fvisibility=hidden   -isysroot /Developer/SDKs/MacOSX10.6.sdk -mmacosx-version-min=10.5 '
TCL_INCLUDES='-I"/Library/Frameworks/Tcl.framework/Headers" -I"/Library/Frameworks/Tcl.framework/PrivateHeaders" -I"/Users/andreask/dbn/lba/GlobalBuildArena/builds/macosx10.6-ix86/tcl/generic" -I"/Users/andreask/dbn/lba/GlobalBuildArena/builds/macosx10.6-ix86/tcl/unix"'
TCL_LD_FLAGS=' -headerpad_max_install_names -Wl,-search_paths_first '
TCL_LIBS='${DL_LIBS} ${LIBS} ${MATH_LIBS}'
TCL_LIB_FILE='Tcl'
TCL_LIB_FLAG='-framework Tcl'
TCL_LIB_SPEC='-F/Library/Frameworks -framework Tcl'
TCL_SHLIB_LD_LIBS='${LIBS}'
TCL_SRC_DIR='/Users/andreask/dbn/lba/GlobalBuildArena/builds/macosx10.6-ix86/tcl'
TCL_STUB_LIB_FILE='libtclstub8.6.a'
TCL_STUB_LIB_FLAG='-ltclstub8.6'
TCL_STUB_LIB_SPEC='-L/Library/Frameworks/Tcl.framework -ltclstub8.6'
TCL_THREADS='1'
TCL_TOP_DIR_NATIVE='"/Users/andreask/dbn/lba/GlobalBuildArena/builds/macosx10.6-ix86/tcl"'
TCL_VERSION='8.6'
TEA_WINDOWINGSYSTEM='aqua'
TK_BIN_DIR='/Library/Frameworks/Tk.framework'
TK_INCLUDES='-I"/Library/Frameworks/Tk.framework/Headers" -I"/Library/Frameworks/Tk.framework/PrivateHeaders" -I"/Users/andreask/dbn/lba/GlobalBuildArena/builds/macosx10.6-ix86/tk/generic" -I"/Users/andreask/dbn/lba/GlobalBuildArena/builds/macosx10.6-ix86/tk/unix" -I"/Users/andreask/dbn/lba/GlobalBuildArena/builds/macosx10.6-ix86/tk/xlib" -I"/Users/andreask/dbn/lba/GlobalBuildArena/builds/macosx10.6-ix86/tk/macosx"'
TK_LIBS='   -lpthread -framework CoreFoundation -framework Cocoa -framework Carbon -framework IOKit  -lz  -lpthread -framework CoreFoundation '
TK_LIB_FILE='Tk'
TK_LIB_FLAG='-framework Tk'
TK_LIB_SPEC='-F/Library/Frameworks -framework Tk'
TK_SRC_DIR='/Users/andreask/dbn/lba/GlobalBuildArena/builds/macosx10.6-ix86/tk'
TK_STUB_LIB_FILE='libtkstub8.6.a'
TK_STUB_LIB_FLAG='-ltkstub8.6'
TK_STUB_LIB_SPEC='-L/Library/Frameworks/Tk.framework -ltkstub8.6'
TK_TOP_DIR_NATIVE='"/Users/andreask/dbn/lba/GlobalBuildArena/builds/macosx10.6-ix86/tk"'
TK_VERSION='8.6'
TK_XINCLUDES=''
TK_XLIB_DIR_NATIVE='"/Users/andreask/dbn/lba/GlobalBuildArena/builds/macosx10.6-ix86/tk/xlib"'
TOGL_WINDOWINGSYSTEM='TOGL_NSOPENGL'
XMKMF=''
ac_ct_CC='gcc'
bindir='${exec_prefix}/bin'
build_alias=''
datadir='${datarootdir}'
datarootdir='${prefix}/share'
docdir='${datarootdir}/doc/${PACKAGE_TARNAME}'
dvidir='${docdir}'
exec_prefix='/Library/Tcl'
host_alias=''
htmldir='${docdir}'
includedir='${prefix}/include'
infodir='${datarootdir}/info'
libdir='${exec_prefix}/lib'
libexecdir='${exec_prefix}/libexec'
localedir='${datarootdir}/locale'
localstatedir='${prefix}/var'
mandir='${datarootdir}/man'
oldincludedir='/usr/include'
pdfdir='${docdir}'
prefix='/Library/Tcl'
program_transform_name='s,x,x,'
psdir='${docdir}'
sbindir='${exec_prefix}/sbin'
sharedstatedir='${prefix}/com'
sysconfdir='${prefix}/etc'
target_alias=''

## ----------- ##
## confdefs.h. ##
## ----------- ##

/* confdefs.h */
#define PACKAGE_NAME "Togl"
#define PACKAGE_TARNAME "togl"
#define PACKAGE_VERSION "2.1"
#define PACKAGE_STRING "Togl 2.1"
#define PACKAGE_BUGREPORT ""
#define PACKAGE_URL ""
#define MAC_OSX_TK 1
#define STDC_HEADERS 1
#define HAVE_SYS_TYPES_H 1
#define HAVE_SYS_STAT_H 1
#define HAVE_STDLIB_H 1
#define HAVE_STRING_H 1
#define HAVE_MEMORY_H 1
#define HAVE_STRINGS_H 1
#define HAVE_INTTYPES_H 1
#define HAVE_STDINT_H 1
#define HAVE_UNISTD_H 1
#define NO_VALUES_H 1
#define HAVE_LIMITS_H 1
#define HAVE_SYS_PARAM_H 1
#define USE_THREAD_ALLOC 1
#define _REENTRANT 1
#define _THREAD_SAFE 1
#define TCL_THREADS 1
#define MODULE_SCOPE extern __attribute__((__visibility__("hidden")))
#define TCL_WIDE_INT_IS_LONG 1
#define USE_TCL_STUBS 1
#define USE_TK_STUBS 1

configure: exit 0
